{"C:\\Users\\ali13\\Desktop\\Fall 25'\\Web Programming\\Assignment_02\\my-app\\server\\app.js": {"path":"C:\\Users\\ali13\\Desktop\\Fall 25'\\Web Programming\\Assignment_02\\my-app\\server\\app.js","statementMap":{"0":{"start":{"line":1,"column":16},"end":{"line":1,"column":34}},"1":{"start":{"line":2,"column":15},"end":{"line":2,"column":32}},"2":{"start":{"line":3,"column":22},"end":{"line":3,"column":55}},"3":{"start":{"line":4,"column":17},"end":{"line":4,"column":37}},"4":{"start":{"line":5,"column":13},"end":{"line":5,"column":28}},"5":{"start":{"line":6,"column":18},"end":{"line":6,"column":47}},"6":{"start":{"line":8,"column":12},"end":{"line":8,"column":21}},"7":{"start":{"line":11,"column":0},"end":{"line":11,"column":18}},"8":{"start":{"line":12,"column":0},"end":{"line":12,"column":25}},"9":{"start":{"line":13,"column":0},"end":{"line":13,"column":20}},"10":{"start":{"line":16,"column":0},"end":{"line":21,"column":2}},"11":{"start":{"line":24,"column":16},"end":{"line":28,"column":2}},"12":{"start":{"line":30,"column":0},"end":{"line":30,"column":26}},"13":{"start":{"line":33,"column":0},"end":{"line":33,"column":41}},"14":{"start":{"line":34,"column":0},"end":{"line":34,"column":63}},"15":{"start":{"line":37,"column":0},"end":{"line":37,"column":45}},"16":{"start":{"line":40,"column":0},"end":{"line":42,"column":3}},"17":{"start":{"line":41,"column":2},"end":{"line":41,"column":59}},"18":{"start":{"line":45,"column":0},"end":{"line":45,"column":53}},"19":{"start":{"line":46,"column":0},"end":{"line":46,"column":54}},"20":{"start":{"line":47,"column":0},"end":{"line":47,"column":54}},"21":{"start":{"line":48,"column":0},"end":{"line":48,"column":57}},"22":{"start":{"line":49,"column":0},"end":{"line":49,"column":55}},"23":{"start":{"line":52,"column":0},"end":{"line":54,"column":3}},"24":{"start":{"line":53,"column":2},"end":{"line":53,"column":55}},"25":{"start":{"line":57,"column":0},"end":{"line":69,"column":3}},"26":{"start":{"line":58,"column":2},"end":{"line":58,"column":33}},"27":{"start":{"line":60,"column":21},"end":{"line":60,"column":42}},"28":{"start":{"line":61,"column":18},"end":{"line":61,"column":56}},"29":{"start":{"line":63,"column":2},"end":{"line":68,"column":5}},"30":{"start":{"line":71,"column":0},"end":{"line":71,"column":21}}},"fnMap":{"0":{"name":"(anonymous_0)","decl":{"start":{"line":40,"column":23},"end":{"line":40,"column":24}},"loc":{"start":{"line":40,"column":37},"end":{"line":42,"column":1}},"line":40},"1":{"name":"(anonymous_1)","decl":{"start":{"line":52,"column":8},"end":{"line":52,"column":9}},"loc":{"start":{"line":52,"column":22},"end":{"line":54,"column":1}},"line":52},"2":{"name":"(anonymous_2)","decl":{"start":{"line":57,"column":8},"end":{"line":57,"column":9}},"loc":{"start":{"line":57,"column":33},"end":{"line":69,"column":1}},"line":57}},"branchMap":{"0":{"loc":{"start":{"line":18,"column":12},"end":{"line":18,"column":61}},"type":"binary-expr","locations":[{"start":{"line":18,"column":12},"end":{"line":18,"column":34}},{"start":{"line":18,"column":38},"end":{"line":18,"column":61}}],"line":18},"1":{"loc":{"start":{"line":25,"column":13},"end":{"line":25,"column":48}},"type":"binary-expr","locations":[{"start":{"line":25,"column":13},"end":{"line":25,"column":42}},{"start":{"line":25,"column":46},"end":{"line":25,"column":48}}],"line":25},"2":{"loc":{"start":{"line":26,"column":7},"end":{"line":26,"column":49}},"type":"binary-expr","locations":[{"start":{"line":26,"column":7},"end":{"line":26,"column":42}},{"start":{"line":26,"column":46},"end":{"line":26,"column":49}}],"line":26},"3":{"loc":{"start":{"line":60,"column":21},"end":{"line":60,"column":42}},"type":"binary-expr","locations":[{"start":{"line":60,"column":21},"end":{"line":60,"column":35}},{"start":{"line":60,"column":39},"end":{"line":60,"column":42}}],"line":60},"4":{"loc":{"start":{"line":61,"column":18},"end":{"line":61,"column":56}},"type":"binary-expr","locations":[{"start":{"line":61,"column":18},"end":{"line":61,"column":29}},{"start":{"line":61,"column":33},"end":{"line":61,"column":56}}],"line":61},"5":{"loc":{"start":{"line":67,"column":8},"end":{"line":67,"column":70}},"type":"binary-expr","locations":[{"start":{"line":67,"column":8},"end":{"line":67,"column":46}},{"start":{"line":67,"column":50},"end":{"line":67,"column":70}}],"line":67}},"s":{"0":1,"1":1,"2":1,"3":1,"4":1,"5":1,"6":1,"7":1,"8":1,"9":1,"10":1,"11":1,"12":1,"13":1,"14":1,"15":1,"16":1,"17":0,"18":1,"19":1,"20":1,"21":1,"22":1,"23":1,"24":0,"25":1,"26":0,"27":0,"28":0,"29":0,"30":1},"f":{"0":0,"1":0,"2":0},"b":{"0":[1,1],"1":[1,1],"2":[1,1],"3":[0,0],"4":[0,0],"5":[0,0]},"_coverageSchema":"1a1c01bbd47fc00a2c39e90264f33305004495a9","hash":"0fd09cfa97bc34a04413411c2803d571b68919c7"}
,"C:\\Users\\ali13\\Desktop\\Fall 25'\\Web Programming\\Assignment_02\\my-app\\server\\controllers\\adminController.js": {"path":"C:\\Users\\ali13\\Desktop\\Fall 25'\\Web Programming\\Assignment_02\\my-app\\server\\controllers\\adminController.js","statementMap":{"0":{"start":{"line":1,"column":13},"end":{"line":1,"column":38}},"1":{"start":{"line":2,"column":13},"end":{"line":2,"column":38}},"2":{"start":{"line":5,"column":0},"end":{"line":37,"column":2}},"3":{"start":{"line":6,"column":2},"end":{"line":36,"column":3}},"4":{"start":{"line":7,"column":45},"end":{"line":7,"column":54}},"5":{"start":{"line":8,"column":17},"end":{"line":8,"column":55}},"6":{"start":{"line":10,"column":17},"end":{"line":10,"column":19}},"7":{"start":{"line":11,"column":4},"end":{"line":16,"column":5}},"8":{"start":{"line":12,"column":6},"end":{"line":15,"column":8}},"9":{"start":{"line":18,"column":18},"end":{"line":22,"column":30}},"10":{"start":{"line":24,"column":18},"end":{"line":24,"column":51}},"11":{"start":{"line":25,"column":23},"end":{"line":25,"column":57}},"12":{"start":{"line":27,"column":4},"end":{"line":33,"column":7}},"13":{"start":{"line":35,"column":4},"end":{"line":35,"column":53}},"14":{"start":{"line":40,"column":0},"end":{"line":58,"column":2}},"15":{"start":{"line":41,"column":2},"end":{"line":57,"column":3}},"16":{"start":{"line":42,"column":17},"end":{"line":42,"column":71}},"17":{"start":{"line":44,"column":4},"end":{"line":46,"column":5}},"18":{"start":{"line":45,"column":6},"end":{"line":45,"column":65}},"19":{"start":{"line":49,"column":22},"end":{"line":49,"column":72}},"20":{"start":{"line":51,"column":4},"end":{"line":54,"column":7}},"21":{"start":{"line":56,"column":4},"end":{"line":56,"column":53}},"22":{"start":{"line":61,"column":0},"end":{"line":80,"column":2}},"23":{"start":{"line":62,"column":2},"end":{"line":79,"column":3}},"24":{"start":{"line":63,"column":17},"end":{"line":67,"column":25}},"25":{"start":{"line":69,"column":4},"end":{"line":71,"column":5}},"26":{"start":{"line":70,"column":6},"end":{"line":70,"column":65}},"27":{"start":{"line":73,"column":4},"end":{"line":76,"column":7}},"28":{"start":{"line":78,"column":4},"end":{"line":78,"column":53}},"29":{"start":{"line":83,"column":0},"end":{"line":107,"column":2}},"30":{"start":{"line":84,"column":2},"end":{"line":106,"column":3}},"31":{"start":{"line":86,"column":4},"end":{"line":88,"column":5}},"32":{"start":{"line":87,"column":6},"end":{"line":87,"column":73}},"33":{"start":{"line":90,"column":17},"end":{"line":94,"column":25}},"34":{"start":{"line":96,"column":4},"end":{"line":98,"column":5}},"35":{"start":{"line":97,"column":6},"end":{"line":97,"column":65}},"36":{"start":{"line":100,"column":4},"end":{"line":103,"column":7}},"37":{"start":{"line":105,"column":4},"end":{"line":105,"column":53}},"38":{"start":{"line":110,"column":0},"end":{"line":130,"column":2}},"39":{"start":{"line":111,"column":2},"end":{"line":129,"column":3}},"40":{"start":{"line":113,"column":4},"end":{"line":115,"column":5}},"41":{"start":{"line":114,"column":6},"end":{"line":114,"column":73}},"42":{"start":{"line":117,"column":17},"end":{"line":117,"column":60}},"43":{"start":{"line":119,"column":4},"end":{"line":121,"column":5}},"44":{"start":{"line":120,"column":6},"end":{"line":120,"column":65}},"45":{"start":{"line":124,"column":4},"end":{"line":124,"column":51}},"46":{"start":{"line":126,"column":4},"end":{"line":126,"column":71}},"47":{"start":{"line":128,"column":4},"end":{"line":128,"column":53}},"48":{"start":{"line":133,"column":0},"end":{"line":161,"column":2}},"49":{"start":{"line":134,"column":2},"end":{"line":160,"column":3}},"50":{"start":{"line":135,"column":23},"end":{"line":135,"column":50}},"51":{"start":{"line":136,"column":23},"end":{"line":136,"column":50}},"52":{"start":{"line":137,"column":23},"end":{"line":137,"column":67}},"53":{"start":{"line":138,"column":25},"end":{"line":138,"column":48}},"54":{"start":{"line":141,"column":23},"end":{"line":145,"column":6}},"55":{"start":{"line":147,"column":4},"end":{"line":157,"column":7}},"56":{"start":{"line":159,"column":4},"end":{"line":159,"column":53}}},"fnMap":{"0":{"name":"(anonymous_0)","decl":{"start":{"line":5,"column":22},"end":{"line":5,"column":23}},"loc":{"start":{"line":5,"column":42},"end":{"line":37,"column":1}},"line":5},"1":{"name":"(anonymous_1)","decl":{"start":{"line":40,"column":25},"end":{"line":40,"column":26}},"loc":{"start":{"line":40,"column":45},"end":{"line":58,"column":1}},"line":40},"2":{"name":"(anonymous_2)","decl":{"start":{"line":61,"column":25},"end":{"line":61,"column":26}},"loc":{"start":{"line":61,"column":45},"end":{"line":80,"column":1}},"line":61},"3":{"name":"(anonymous_3)","decl":{"start":{"line":83,"column":23},"end":{"line":83,"column":24}},"loc":{"start":{"line":83,"column":43},"end":{"line":107,"column":1}},"line":83},"4":{"name":"(anonymous_4)","decl":{"start":{"line":110,"column":21},"end":{"line":110,"column":22}},"loc":{"start":{"line":110,"column":41},"end":{"line":130,"column":1}},"line":110},"5":{"name":"(anonymous_5)","decl":{"start":{"line":133,"column":24},"end":{"line":133,"column":25}},"loc":{"start":{"line":133,"column":44},"end":{"line":161,"column":1}},"line":133}},"branchMap":{"0":{"loc":{"start":{"line":7,"column":12},"end":{"line":7,"column":20}},"type":"default-arg","locations":[{"start":{"line":7,"column":19},"end":{"line":7,"column":20}}],"line":7},"1":{"loc":{"start":{"line":7,"column":22},"end":{"line":7,"column":32}},"type":"default-arg","locations":[{"start":{"line":7,"column":30},"end":{"line":7,"column":32}}],"line":7},"2":{"loc":{"start":{"line":11,"column":4},"end":{"line":16,"column":5}},"type":"if","locations":[{"start":{"line":11,"column":4},"end":{"line":16,"column":5}},{"start":{},"end":{}}],"line":11},"3":{"loc":{"start":{"line":44,"column":4},"end":{"line":46,"column":5}},"type":"if","locations":[{"start":{"line":44,"column":4},"end":{"line":46,"column":5}},{"start":{},"end":{}}],"line":44},"4":{"loc":{"start":{"line":69,"column":4},"end":{"line":71,"column":5}},"type":"if","locations":[{"start":{"line":69,"column":4},"end":{"line":71,"column":5}},{"start":{},"end":{}}],"line":69},"5":{"loc":{"start":{"line":86,"column":4},"end":{"line":88,"column":5}},"type":"if","locations":[{"start":{"line":86,"column":4},"end":{"line":88,"column":5}},{"start":{},"end":{}}],"line":86},"6":{"loc":{"start":{"line":96,"column":4},"end":{"line":98,"column":5}},"type":"if","locations":[{"start":{"line":96,"column":4},"end":{"line":98,"column":5}},{"start":{},"end":{}}],"line":96},"7":{"loc":{"start":{"line":113,"column":4},"end":{"line":115,"column":5}},"type":"if","locations":[{"start":{"line":113,"column":4},"end":{"line":115,"column":5}},{"start":{},"end":{}}],"line":113},"8":{"loc":{"start":{"line":119,"column":4},"end":{"line":121,"column":5}},"type":"if","locations":[{"start":{"line":119,"column":4},"end":{"line":121,"column":5}},{"start":{},"end":{}}],"line":119}},"s":{"0":1,"1":1,"2":1,"3":0,"4":0,"5":0,"6":0,"7":0,"8":0,"9":0,"10":0,"11":0,"12":0,"13":0,"14":1,"15":0,"16":0,"17":0,"18":0,"19":0,"20":0,"21":0,"22":1,"23":0,"24":0,"25":0,"26":0,"27":0,"28":0,"29":1,"30":0,"31":0,"32":0,"33":0,"34":0,"35":0,"36":0,"37":0,"38":1,"39":0,"40":0,"41":0,"42":0,"43":0,"44":0,"45":0,"46":0,"47":0,"48":1,"49":0,"50":0,"51":0,"52":0,"53":0,"54":0,"55":0,"56":0},"f":{"0":0,"1":0,"2":0,"3":0,"4":0,"5":0},"b":{"0":[0],"1":[0],"2":[0,0],"3":[0,0],"4":[0,0],"5":[0,0],"6":[0,0],"7":[0,0],"8":[0,0]},"_coverageSchema":"1a1c01bbd47fc00a2c39e90264f33305004495a9","hash":"b2ae0087ce5ada3df09c9fa1d5b16329c79455c4"}
,"C:\\Users\\ali13\\Desktop\\Fall 25'\\Web Programming\\Assignment_02\\my-app\\server\\controllers\\authController.js": {"path":"C:\\Users\\ali13\\Desktop\\Fall 25'\\Web Programming\\Assignment_02\\my-app\\server\\controllers\\authController.js","statementMap":{"0":{"start":{"line":1,"column":12},"end":{"line":1,"column":35}},"1":{"start":{"line":2,"column":15},"end":{"line":2,"column":32}},"2":{"start":{"line":3,"column":13},"end":{"line":3,"column":38}},"3":{"start":{"line":4,"column":53},"end":{"line":4,"column":88}},"4":{"start":{"line":6,"column":23},"end":{"line":16,"column":1}},"5":{"start":{"line":7,"column":22},"end":{"line":9,"column":4}},"6":{"start":{"line":11,"column":23},"end":{"line":13,"column":4}},"7":{"start":{"line":15,"column":2},"end":{"line":15,"column":39}},"8":{"start":{"line":19,"column":0},"end":{"line":55,"column":2}},"9":{"start":{"line":20,"column":2},"end":{"line":54,"column":3}},"10":{"start":{"line":21,"column":55},"end":{"line":21,"column":72}},"11":{"start":{"line":23,"column":4},"end":{"line":25,"column":5}},"12":{"start":{"line":24,"column":6},"end":{"line":24,"column":73}},"13":{"start":{"line":28,"column":25},"end":{"line":28,"column":54}},"14":{"start":{"line":29,"column":4},"end":{"line":31,"column":5}},"15":{"start":{"line":30,"column":6},"end":{"line":30,"column":75}},"16":{"start":{"line":34,"column":17},"end":{"line":34,"column":61}},"17":{"start":{"line":37,"column":4},"end":{"line":37,"column":83}},"18":{"start":{"line":37,"column":47},"end":{"line":37,"column":81}},"19":{"start":{"line":39,"column":42},"end":{"line":39,"column":66}},"20":{"start":{"line":41,"column":4},"end":{"line":51,"column":7}},"21":{"start":{"line":53,"column":4},"end":{"line":53,"column":53}},"22":{"start":{"line":58,"column":0},"end":{"line":90,"column":2}},"23":{"start":{"line":59,"column":2},"end":{"line":89,"column":3}},"24":{"start":{"line":60,"column":32},"end":{"line":60,"column":49}},"25":{"start":{"line":63,"column":17},"end":{"line":63,"column":66}},"26":{"start":{"line":64,"column":4},"end":{"line":66,"column":5}},"27":{"start":{"line":65,"column":6},"end":{"line":65,"column":76}},"28":{"start":{"line":69,"column":28},"end":{"line":69,"column":62}},"29":{"start":{"line":70,"column":4},"end":{"line":72,"column":5}},"30":{"start":{"line":71,"column":6},"end":{"line":71,"column":76}},"31":{"start":{"line":74,"column":42},"end":{"line":74,"column":66}},"32":{"start":{"line":76,"column":4},"end":{"line":86,"column":7}},"33":{"start":{"line":88,"column":4},"end":{"line":88,"column":53}},"34":{"start":{"line":93,"column":0},"end":{"line":111,"column":2}},"35":{"start":{"line":94,"column":2},"end":{"line":110,"column":3}},"36":{"start":{"line":95,"column":29},"end":{"line":95,"column":37}},"37":{"start":{"line":97,"column":4},"end":{"line":99,"column":5}},"38":{"start":{"line":98,"column":6},"end":{"line":98,"column":73}},"39":{"start":{"line":101,"column":20},"end":{"line":101,"column":76}},"40":{"start":{"line":102,"column":59},"end":{"line":102,"column":85}},"41":{"start":{"line":104,"column":4},"end":{"line":107,"column":7}},"42":{"start":{"line":109,"column":4},"end":{"line":109,"column":63}},"43":{"start":{"line":114,"column":0},"end":{"line":121,"column":2}},"44":{"start":{"line":115,"column":2},"end":{"line":120,"column":3}},"45":{"start":{"line":116,"column":17},"end":{"line":116,"column":49}},"46":{"start":{"line":117,"column":4},"end":{"line":117,"column":19}},"47":{"start":{"line":119,"column":4},"end":{"line":119,"column":53}},"48":{"start":{"line":124,"column":0},"end":{"line":149,"column":2}},"49":{"start":{"line":125,"column":2},"end":{"line":148,"column":3}},"50":{"start":{"line":126,"column":22},"end":{"line":126,"column":30}},"51":{"start":{"line":128,"column":17},"end":{"line":128,"column":46}},"52":{"start":{"line":129,"column":4},"end":{"line":131,"column":5}},"53":{"start":{"line":130,"column":6},"end":{"line":130,"column":80}},"54":{"start":{"line":134,"column":23},"end":{"line":134,"column":61}},"55":{"start":{"line":135,"column":27},"end":{"line":135,"column":87}},"56":{"start":{"line":138,"column":4},"end":{"line":138,"column":37}},"57":{"start":{"line":139,"column":4},"end":{"line":139,"column":71}},"58":{"start":{"line":140,"column":4},"end":{"line":140,"column":51}},"59":{"start":{"line":143,"column":4},"end":{"line":143,"column":63}},"60":{"start":{"line":145,"column":4},"end":{"line":145,"column":68}},"61":{"start":{"line":147,"column":4},"end":{"line":147,"column":53}},"62":{"start":{"line":152,"column":0},"end":{"line":187,"column":2}},"63":{"start":{"line":153,"column":2},"end":{"line":186,"column":3}},"64":{"start":{"line":154,"column":52},"end":{"line":154,"column":60}},"65":{"start":{"line":156,"column":4},"end":{"line":158,"column":5}},"66":{"start":{"line":157,"column":6},"end":{"line":157,"column":74}},"67":{"start":{"line":160,"column":4},"end":{"line":162,"column":5}},"68":{"start":{"line":161,"column":6},"end":{"line":161,"column":73}},"69":{"start":{"line":165,"column":27},"end":{"line":165,"column":82}},"70":{"start":{"line":168,"column":17},"end":{"line":171,"column":6}},"71":{"start":{"line":173,"column":4},"end":{"line":175,"column":5}},"72":{"start":{"line":174,"column":6},"end":{"line":174,"column":81}},"73":{"start":{"line":178,"column":4},"end":{"line":178,"column":32}},"74":{"start":{"line":179,"column":4},"end":{"line":179,"column":27}},"75":{"start":{"line":180,"column":4},"end":{"line":180,"column":33}},"76":{"start":{"line":181,"column":4},"end":{"line":181,"column":22}},"77":{"start":{"line":183,"column":4},"end":{"line":183,"column":57}},"78":{"start":{"line":185,"column":4},"end":{"line":185,"column":53}}},"fnMap":{"0":{"name":"(anonymous_0)","decl":{"start":{"line":6,"column":23},"end":{"line":6,"column":24}},"loc":{"start":{"line":6,"column":35},"end":{"line":16,"column":1}},"line":6},"1":{"name":"(anonymous_1)","decl":{"start":{"line":19,"column":19},"end":{"line":19,"column":20}},"loc":{"start":{"line":19,"column":39},"end":{"line":55,"column":1}},"line":19},"2":{"name":"(anonymous_2)","decl":{"start":{"line":37,"column":40},"end":{"line":37,"column":41}},"loc":{"start":{"line":37,"column":47},"end":{"line":37,"column":81}},"line":37},"3":{"name":"(anonymous_3)","decl":{"start":{"line":58,"column":16},"end":{"line":58,"column":17}},"loc":{"start":{"line":58,"column":36},"end":{"line":90,"column":1}},"line":58},"4":{"name":"(anonymous_4)","decl":{"start":{"line":93,"column":23},"end":{"line":93,"column":24}},"loc":{"start":{"line":93,"column":43},"end":{"line":111,"column":1}},"line":93},"5":{"name":"(anonymous_5)","decl":{"start":{"line":114,"column":25},"end":{"line":114,"column":26}},"loc":{"start":{"line":114,"column":45},"end":{"line":121,"column":1}},"line":114},"6":{"name":"(anonymous_6)","decl":{"start":{"line":124,"column":25},"end":{"line":124,"column":26}},"loc":{"start":{"line":124,"column":45},"end":{"line":149,"column":1}},"line":124},"7":{"name":"(anonymous_7)","decl":{"start":{"line":152,"column":24},"end":{"line":152,"column":25}},"loc":{"start":{"line":152,"column":44},"end":{"line":187,"column":1}},"line":152}},"branchMap":{"0":{"loc":{"start":{"line":8,"column":15},"end":{"line":8,"column":53}},"type":"binary-expr","locations":[{"start":{"line":8,"column":15},"end":{"line":8,"column":44}},{"start":{"line":8,"column":48},"end":{"line":8,"column":53}}],"line":8},"1":{"loc":{"start":{"line":12,"column":15},"end":{"line":12,"column":53}},"type":"binary-expr","locations":[{"start":{"line":12,"column":15},"end":{"line":12,"column":45}},{"start":{"line":12,"column":49},"end":{"line":12,"column":53}}],"line":12},"2":{"loc":{"start":{"line":23,"column":4},"end":{"line":25,"column":5}},"type":"if","locations":[{"start":{"line":23,"column":4},"end":{"line":25,"column":5}},{"start":{},"end":{}}],"line":23},"3":{"loc":{"start":{"line":29,"column":4},"end":{"line":31,"column":5}},"type":"if","locations":[{"start":{"line":29,"column":4},"end":{"line":31,"column":5}},{"start":{},"end":{}}],"line":29},"4":{"loc":{"start":{"line":64,"column":4},"end":{"line":66,"column":5}},"type":"if","locations":[{"start":{"line":64,"column":4},"end":{"line":66,"column":5}},{"start":{},"end":{}}],"line":64},"5":{"loc":{"start":{"line":70,"column":4},"end":{"line":72,"column":5}},"type":"if","locations":[{"start":{"line":70,"column":4},"end":{"line":72,"column":5}},{"start":{},"end":{}}],"line":70},"6":{"loc":{"start":{"line":97,"column":4},"end":{"line":99,"column":5}},"type":"if","locations":[{"start":{"line":97,"column":4},"end":{"line":99,"column":5}},{"start":{},"end":{}}],"line":97},"7":{"loc":{"start":{"line":129,"column":4},"end":{"line":131,"column":5}},"type":"if","locations":[{"start":{"line":129,"column":4},"end":{"line":131,"column":5}},{"start":{},"end":{}}],"line":129},"8":{"loc":{"start":{"line":156,"column":4},"end":{"line":158,"column":5}},"type":"if","locations":[{"start":{"line":156,"column":4},"end":{"line":158,"column":5}},{"start":{},"end":{}}],"line":156},"9":{"loc":{"start":{"line":160,"column":4},"end":{"line":162,"column":5}},"type":"if","locations":[{"start":{"line":160,"column":4},"end":{"line":162,"column":5}},{"start":{},"end":{}}],"line":160},"10":{"loc":{"start":{"line":173,"column":4},"end":{"line":175,"column":5}},"type":"if","locations":[{"start":{"line":173,"column":4},"end":{"line":175,"column":5}},{"start":{},"end":{}}],"line":173}},"s":{"0":1,"1":1,"2":1,"3":1,"4":1,"5":3,"6":0,"7":0,"8":1,"9":4,"10":4,"11":4,"12":1,"13":3,"14":3,"15":1,"16":2,"17":2,"18":0,"19":2,"20":0,"21":2,"22":1,"23":3,"24":3,"25":3,"26":3,"27":1,"28":2,"29":2,"30":1,"31":1,"32":0,"33":1,"34":1,"35":2,"36":2,"37":2,"38":1,"39":1,"40":0,"41":0,"42":1,"43":1,"44":0,"45":0,"46":0,"47":0,"48":1,"49":0,"50":0,"51":0,"52":0,"53":0,"54":0,"55":0,"56":0,"57":0,"58":0,"59":0,"60":0,"61":0,"62":1,"63":0,"64":0,"65":0,"66":0,"67":0,"68":0,"69":0,"70":0,"71":0,"72":0,"73":0,"74":0,"75":0,"76":0,"77":0,"78":0},"f":{"0":3,"1":4,"2":0,"3":3,"4":2,"5":0,"6":0,"7":0},"b":{"0":[3,3],"1":[0,0],"2":[1,3],"3":[1,2],"4":[1,2],"5":[1,1],"6":[1,1],"7":[0,0],"8":[0,0],"9":[0,0],"10":[0,0]},"_coverageSchema":"1a1c01bbd47fc00a2c39e90264f33305004495a9","hash":"83713ebbf3da38ac5400027c5bf18dcad3e7998f"}
,"C:\\Users\\ali13\\Desktop\\Fall 25'\\Web Programming\\Assignment_02\\my-app\\server\\controllers\\gameController.js": {"path":"C:\\Users\\ali13\\Desktop\\Fall 25'\\Web Programming\\Assignment_02\\my-app\\server\\controllers\\gameController.js","statementMap":{"0":{"start":{"line":1,"column":13},"end":{"line":1,"column":38}},"1":{"start":{"line":4,"column":0},"end":{"line":27,"column":2}},"2":{"start":{"line":5,"column":2},"end":{"line":26,"column":3}},"3":{"start":{"line":6,"column":84},"end":{"line":6,"column":101}},"4":{"start":{"line":8,"column":17},"end":{"line":18,"column":6}},"5":{"start":{"line":20,"column":4},"end":{"line":23,"column":7}},"6":{"start":{"line":25,"column":4},"end":{"line":25,"column":53}},"7":{"start":{"line":30,"column":0},"end":{"line":71,"column":2}},"8":{"start":{"line":31,"column":2},"end":{"line":70,"column":3}},"9":{"start":{"line":32,"column":83},"end":{"line":32,"column":92}},"10":{"start":{"line":33,"column":17},"end":{"line":33,"column":55}},"11":{"start":{"line":35,"column":17},"end":{"line":35,"column":19}},"12":{"start":{"line":37,"column":4},"end":{"line":39,"column":5}},"13":{"start":{"line":38,"column":6},"end":{"line":38,"column":41}},"14":{"start":{"line":40,"column":4},"end":{"line":42,"column":5}},"15":{"start":{"line":41,"column":6},"end":{"line":41,"column":27}},"16":{"start":{"line":43,"column":4},"end":{"line":45,"column":5}},"17":{"start":{"line":44,"column":6},"end":{"line":44,"column":33}},"18":{"start":{"line":47,"column":16},"end":{"line":50,"column":29}},"19":{"start":{"line":53,"column":4},"end":{"line":55,"column":5}},"20":{"start":{"line":54,"column":6},"end":{"line":54,"column":31}},"21":{"start":{"line":57,"column":18},"end":{"line":57,"column":29}},"22":{"start":{"line":58,"column":18},"end":{"line":58,"column":51}},"23":{"start":{"line":59,"column":23},"end":{"line":59,"column":57}},"24":{"start":{"line":61,"column":4},"end":{"line":67,"column":7}},"25":{"start":{"line":69,"column":4},"end":{"line":69,"column":53}},"26":{"start":{"line":74,"column":0},"end":{"line":86,"column":2}},"27":{"start":{"line":75,"column":2},"end":{"line":85,"column":3}},"28":{"start":{"line":76,"column":17},"end":{"line":76,"column":94}},"29":{"start":{"line":78,"column":4},"end":{"line":80,"column":5}},"30":{"start":{"line":79,"column":6},"end":{"line":79,"column":65}},"31":{"start":{"line":82,"column":4},"end":{"line":82,"column":19}},"32":{"start":{"line":84,"column":4},"end":{"line":84,"column":53}},"33":{"start":{"line":89,"column":0},"end":{"line":119,"column":2}},"34":{"start":{"line":90,"column":2},"end":{"line":118,"column":3}},"35":{"start":{"line":91,"column":15},"end":{"line":91,"column":49}},"36":{"start":{"line":93,"column":4},"end":{"line":95,"column":5}},"37":{"start":{"line":94,"column":6},"end":{"line":94,"column":65}},"38":{"start":{"line":98,"column":4},"end":{"line":100,"column":5}},"39":{"start":{"line":99,"column":6},"end":{"line":99,"column":85}},"40":{"start":{"line":102,"column":20},"end":{"line":102,"column":37}},"41":{"start":{"line":103,"column":4},"end":{"line":105,"column":5}},"42":{"start":{"line":104,"column":6},"end":{"line":104,"column":64}},"43":{"start":{"line":107,"column":4},"end":{"line":110,"column":50}},"44":{"start":{"line":112,"column":4},"end":{"line":115,"column":7}},"45":{"start":{"line":117,"column":4},"end":{"line":117,"column":53}},"46":{"start":{"line":122,"column":0},"end":{"line":141,"column":2}},"47":{"start":{"line":123,"column":2},"end":{"line":140,"column":3}},"48":{"start":{"line":124,"column":17},"end":{"line":124,"column":51}},"49":{"start":{"line":126,"column":4},"end":{"line":128,"column":5}},"50":{"start":{"line":127,"column":6},"end":{"line":127,"column":65}},"51":{"start":{"line":131,"column":4},"end":{"line":133,"column":5}},"52":{"start":{"line":132,"column":6},"end":{"line":132,"column":85}},"53":{"start":{"line":135,"column":4},"end":{"line":135,"column":48}},"54":{"start":{"line":137,"column":4},"end":{"line":137,"column":55}},"55":{"start":{"line":139,"column":4},"end":{"line":139,"column":53}},"56":{"start":{"line":144,"column":0},"end":{"line":155,"column":2}},"57":{"start":{"line":145,"column":2},"end":{"line":154,"column":3}},"58":{"start":{"line":146,"column":18},"end":{"line":146,"column":85}},"59":{"start":{"line":148,"column":4},"end":{"line":151,"column":7}},"60":{"start":{"line":153,"column":4},"end":{"line":153,"column":53}}},"fnMap":{"0":{"name":"(anonymous_0)","decl":{"start":{"line":4,"column":21},"end":{"line":4,"column":22}},"loc":{"start":{"line":4,"column":41},"end":{"line":27,"column":1}},"line":4},"1":{"name":"(anonymous_1)","decl":{"start":{"line":30,"column":22},"end":{"line":30,"column":23}},"loc":{"start":{"line":30,"column":42},"end":{"line":71,"column":1}},"line":30},"2":{"name":"(anonymous_2)","decl":{"start":{"line":74,"column":22},"end":{"line":74,"column":23}},"loc":{"start":{"line":74,"column":42},"end":{"line":86,"column":1}},"line":74},"3":{"name":"(anonymous_3)","decl":{"start":{"line":89,"column":21},"end":{"line":89,"column":22}},"loc":{"start":{"line":89,"column":41},"end":{"line":119,"column":1}},"line":89},"4":{"name":"(anonymous_4)","decl":{"start":{"line":122,"column":21},"end":{"line":122,"column":22}},"loc":{"start":{"line":122,"column":41},"end":{"line":141,"column":1}},"line":122},"5":{"name":"(anonymous_5)","decl":{"start":{"line":144,"column":23},"end":{"line":144,"column":24}},"loc":{"start":{"line":144,"column":43},"end":{"line":155,"column":1}},"line":144}},"branchMap":{"0":{"loc":{"start":{"line":16,"column":16},"end":{"line":16,"column":72}},"type":"cond-expr","locations":[{"start":{"line":16,"column":27},"end":{"line":16,"column":65}},{"start":{"line":16,"column":68},"end":{"line":16,"column":72}}],"line":16},"1":{"loc":{"start":{"line":32,"column":12},"end":{"line":32,"column":20}},"type":"default-arg","locations":[{"start":{"line":32,"column":19},"end":{"line":32,"column":20}}],"line":32},"2":{"loc":{"start":{"line":32,"column":22},"end":{"line":32,"column":32}},"type":"default-arg","locations":[{"start":{"line":32,"column":30},"end":{"line":32,"column":32}}],"line":32},"3":{"loc":{"start":{"line":32,"column":59},"end":{"line":32,"column":78}},"type":"default-arg","locations":[{"start":{"line":32,"column":66},"end":{"line":32,"column":78}}],"line":32},"4":{"loc":{"start":{"line":37,"column":4},"end":{"line":39,"column":5}},"type":"if","locations":[{"start":{"line":37,"column":4},"end":{"line":39,"column":5}},{"start":{},"end":{}}],"line":37},"5":{"loc":{"start":{"line":40,"column":4},"end":{"line":42,"column":5}},"type":"if","locations":[{"start":{"line":40,"column":4},"end":{"line":42,"column":5}},{"start":{},"end":{}}],"line":40},"6":{"loc":{"start":{"line":43,"column":4},"end":{"line":45,"column":5}},"type":"if","locations":[{"start":{"line":43,"column":4},"end":{"line":45,"column":5}},{"start":{},"end":{}}],"line":43},"7":{"loc":{"start":{"line":53,"column":4},"end":{"line":55,"column":5}},"type":"if","locations":[{"start":{"line":53,"column":4},"end":{"line":55,"column":5}},{"start":{},"end":{}}],"line":53},"8":{"loc":{"start":{"line":78,"column":4},"end":{"line":80,"column":5}},"type":"if","locations":[{"start":{"line":78,"column":4},"end":{"line":80,"column":5}},{"start":{},"end":{}}],"line":78},"9":{"loc":{"start":{"line":93,"column":4},"end":{"line":95,"column":5}},"type":"if","locations":[{"start":{"line":93,"column":4},"end":{"line":95,"column":5}},{"start":{},"end":{}}],"line":93},"10":{"loc":{"start":{"line":98,"column":4},"end":{"line":100,"column":5}},"type":"if","locations":[{"start":{"line":98,"column":4},"end":{"line":100,"column":5}},{"start":{},"end":{}}],"line":98},"11":{"loc":{"start":{"line":103,"column":4},"end":{"line":105,"column":5}},"type":"if","locations":[{"start":{"line":103,"column":4},"end":{"line":105,"column":5}},{"start":{},"end":{}}],"line":103},"12":{"loc":{"start":{"line":126,"column":4},"end":{"line":128,"column":5}},"type":"if","locations":[{"start":{"line":126,"column":4},"end":{"line":128,"column":5}},{"start":{},"end":{}}],"line":126},"13":{"loc":{"start":{"line":131,"column":4},"end":{"line":133,"column":5}},"type":"if","locations":[{"start":{"line":131,"column":4},"end":{"line":133,"column":5}},{"start":{},"end":{}}],"line":131}},"s":{"0":1,"1":1,"2":0,"3":0,"4":0,"5":0,"6":0,"7":1,"8":0,"9":0,"10":0,"11":0,"12":0,"13":0,"14":0,"15":0,"16":0,"17":0,"18":0,"19":0,"20":0,"21":0,"22":0,"23":0,"24":0,"25":0,"26":1,"27":0,"28":0,"29":0,"30":0,"31":0,"32":0,"33":1,"34":0,"35":0,"36":0,"37":0,"38":0,"39":0,"40":0,"41":0,"42":0,"43":0,"44":0,"45":0,"46":1,"47":0,"48":0,"49":0,"50":0,"51":0,"52":0,"53":0,"54":0,"55":0,"56":1,"57":0,"58":0,"59":0,"60":0},"f":{"0":0,"1":0,"2":0,"3":0,"4":0,"5":0},"b":{"0":[0,0],"1":[0],"2":[0],"3":[0],"4":[0,0],"5":[0,0],"6":[0,0],"7":[0,0],"8":[0,0],"9":[0,0],"10":[0,0],"11":[0,0],"12":[0,0],"13":[0,0]},"_coverageSchema":"1a1c01bbd47fc00a2c39e90264f33305004495a9","hash":"113e83b0d77360dadc59f994e68c4e95deae4dac"}
,"C:\\Users\\ali13\\Desktop\\Fall 25'\\Web Programming\\Assignment_02\\my-app\\server\\controllers\\uploadController.js": {"path":"C:\\Users\\ali13\\Desktop\\Fall 25'\\Web Programming\\Assignment_02\\my-app\\server\\controllers\\uploadController.js","statementMap":{"0":{"start":{"line":1,"column":13},"end":{"line":1,"column":28}},"1":{"start":{"line":2,"column":11},"end":{"line":2,"column":24}},"2":{"start":{"line":5,"column":0},"end":{"line":21,"column":2}},"3":{"start":{"line":6,"column":2},"end":{"line":20,"column":3}},"4":{"start":{"line":7,"column":4},"end":{"line":9,"column":5}},"5":{"start":{"line":8,"column":6},"end":{"line":8,"column":67}},"6":{"start":{"line":11,"column":20},"end":{"line":11,"column":58}},"7":{"start":{"line":13,"column":4},"end":{"line":17,"column":7}},"8":{"start":{"line":19,"column":4},"end":{"line":19,"column":53}}},"fnMap":{"0":{"name":"(anonymous_0)","decl":{"start":{"line":5,"column":22},"end":{"line":5,"column":23}},"loc":{"start":{"line":5,"column":36},"end":{"line":21,"column":1}},"line":5}},"branchMap":{"0":{"loc":{"start":{"line":7,"column":4},"end":{"line":9,"column":5}},"type":"if","locations":[{"start":{"line":7,"column":4},"end":{"line":9,"column":5}},{"start":{},"end":{}}],"line":7}},"s":{"0":1,"1":1,"2":1,"3":0,"4":0,"5":0,"6":0,"7":0,"8":0},"f":{"0":0},"b":{"0":[0,0]},"_coverageSchema":"1a1c01bbd47fc00a2c39e90264f33305004495a9","hash":"8873ad347bfcf3d5c8f63964e868a93b7a471460"}
,"C:\\Users\\ali13\\Desktop\\Fall 25'\\Web Programming\\Assignment_02\\my-app\\server\\controllers\\userController.js": {"path":"C:\\Users\\ali13\\Desktop\\Fall 25'\\Web Programming\\Assignment_02\\my-app\\server\\controllers\\userController.js","statementMap":{"0":{"start":{"line":1,"column":17},"end":{"line":1,"column":36}},"1":{"start":{"line":2,"column":13},"end":{"line":2,"column":38}},"2":{"start":{"line":3,"column":13},"end":{"line":3,"column":38}},"3":{"start":{"line":4,"column":37},"end":{"line":4,"column":72}},"4":{"start":{"line":7,"column":0},"end":{"line":19,"column":2}},"5":{"start":{"line":8,"column":2},"end":{"line":18,"column":3}},"6":{"start":{"line":9,"column":17},"end":{"line":9,"column":71}},"7":{"start":{"line":11,"column":4},"end":{"line":13,"column":5}},"8":{"start":{"line":12,"column":6},"end":{"line":12,"column":65}},"9":{"start":{"line":15,"column":4},"end":{"line":15,"column":19}},"10":{"start":{"line":17,"column":4},"end":{"line":17,"column":53}},"11":{"start":{"line":22,"column":0},"end":{"line":43,"column":2}},"12":{"start":{"line":23,"column":2},"end":{"line":42,"column":3}},"13":{"start":{"line":24,"column":34},"end":{"line":24,"column":42}},"14":{"start":{"line":26,"column":4},"end":{"line":28,"column":5}},"15":{"start":{"line":27,"column":6},"end":{"line":27,"column":88}},"16":{"start":{"line":30,"column":17},"end":{"line":34,"column":25}},"17":{"start":{"line":36,"column":4},"end":{"line":39,"column":7}},"18":{"start":{"line":41,"column":4},"end":{"line":41,"column":53}},"19":{"start":{"line":46,"column":0},"end":{"line":75,"column":2}},"20":{"start":{"line":47,"column":2},"end":{"line":74,"column":3}},"21":{"start":{"line":48,"column":58},"end":{"line":48,"column":66}},"22":{"start":{"line":50,"column":4},"end":{"line":52,"column":5}},"23":{"start":{"line":51,"column":6},"end":{"line":51,"column":65}},"24":{"start":{"line":54,"column":4},"end":{"line":56,"column":5}},"25":{"start":{"line":55,"column":6},"end":{"line":55,"column":73}},"26":{"start":{"line":58,"column":17},"end":{"line":58,"column":71}},"27":{"start":{"line":60,"column":28},"end":{"line":60,"column":65}},"28":{"start":{"line":61,"column":4},"end":{"line":63,"column":5}},"29":{"start":{"line":62,"column":6},"end":{"line":62,"column":76}},"30":{"start":{"line":65,"column":4},"end":{"line":65,"column":32}},"31":{"start":{"line":66,"column":4},"end":{"line":66,"column":22}},"32":{"start":{"line":69,"column":4},"end":{"line":69,"column":101}},"33":{"start":{"line":69,"column":65},"end":{"line":69,"column":99}},"34":{"start":{"line":71,"column":4},"end":{"line":71,"column":59}},"35":{"start":{"line":73,"column":4},"end":{"line":73,"column":53}},"36":{"start":{"line":78,"column":0},"end":{"line":108,"column":2}},"37":{"start":{"line":79,"column":2},"end":{"line":107,"column":3}},"38":{"start":{"line":80,"column":19},"end":{"line":80,"column":30}},"39":{"start":{"line":82,"column":17},"end":{"line":82,"column":64}},"40":{"start":{"line":83,"column":23},"end":{"line":83,"column":71}},"41":{"start":{"line":84,"column":24},"end":{"line":86,"column":15}},"42":{"start":{"line":88,"column":19},"end":{"line":91,"column":6}},"43":{"start":{"line":93,"column":4},"end":{"line":104,"column":7}},"44":{"start":{"line":99,"column":46},"end":{"line":99,"column":60}},"45":{"start":{"line":106,"column":4},"end":{"line":106,"column":53}}},"fnMap":{"0":{"name":"(anonymous_0)","decl":{"start":{"line":7,"column":25},"end":{"line":7,"column":26}},"loc":{"start":{"line":7,"column":45},"end":{"line":19,"column":1}},"line":7},"1":{"name":"(anonymous_1)","decl":{"start":{"line":22,"column":24},"end":{"line":22,"column":25}},"loc":{"start":{"line":22,"column":44},"end":{"line":43,"column":1}},"line":22},"2":{"name":"(anonymous_2)","decl":{"start":{"line":46,"column":25},"end":{"line":46,"column":26}},"loc":{"start":{"line":46,"column":45},"end":{"line":75,"column":1}},"line":46},"3":{"name":"(anonymous_3)","decl":{"start":{"line":69,"column":58},"end":{"line":69,"column":59}},"loc":{"start":{"line":69,"column":65},"end":{"line":69,"column":99}},"line":69},"4":{"name":"(anonymous_4)","decl":{"start":{"line":78,"column":23},"end":{"line":78,"column":24}},"loc":{"start":{"line":78,"column":43},"end":{"line":108,"column":1}},"line":78},"5":{"name":"(anonymous_5)","decl":{"start":{"line":99,"column":34},"end":{"line":99,"column":35}},"loc":{"start":{"line":99,"column":46},"end":{"line":99,"column":60}},"line":99}},"branchMap":{"0":{"loc":{"start":{"line":11,"column":4},"end":{"line":13,"column":5}},"type":"if","locations":[{"start":{"line":11,"column":4},"end":{"line":13,"column":5}},{"start":{},"end":{}}],"line":11},"1":{"loc":{"start":{"line":26,"column":4},"end":{"line":28,"column":5}},"type":"if","locations":[{"start":{"line":26,"column":4},"end":{"line":28,"column":5}},{"start":{},"end":{}}],"line":26},"2":{"loc":{"start":{"line":50,"column":4},"end":{"line":52,"column":5}},"type":"if","locations":[{"start":{"line":50,"column":4},"end":{"line":52,"column":5}},{"start":{},"end":{}}],"line":50},"3":{"loc":{"start":{"line":54,"column":4},"end":{"line":56,"column":5}},"type":"if","locations":[{"start":{"line":54,"column":4},"end":{"line":56,"column":5}},{"start":{},"end":{}}],"line":54},"4":{"loc":{"start":{"line":61,"column":4},"end":{"line":63,"column":5}},"type":"if","locations":[{"start":{"line":61,"column":4},"end":{"line":63,"column":5}},{"start":{},"end":{}}],"line":61},"5":{"loc":{"start":{"line":98,"column":10},"end":{"line":100,"column":15}},"type":"cond-expr","locations":[{"start":{"line":99,"column":14},"end":{"line":99,"column":97}},{"start":{"line":100,"column":14},"end":{"line":100,"column":15}}],"line":98}},"s":{"0":1,"1":1,"2":1,"3":1,"4":1,"5":0,"6":0,"7":0,"8":0,"9":0,"10":0,"11":1,"12":0,"13":0,"14":0,"15":0,"16":0,"17":0,"18":0,"19":1,"20":0,"21":0,"22":0,"23":0,"24":0,"25":0,"26":0,"27":0,"28":0,"29":0,"30":0,"31":0,"32":0,"33":0,"34":0,"35":0,"36":1,"37":0,"38":0,"39":0,"40":0,"41":0,"42":0,"43":0,"44":0,"45":0},"f":{"0":0,"1":0,"2":0,"3":0,"4":0,"5":0},"b":{"0":[0,0],"1":[0,0],"2":[0,0],"3":[0,0],"4":[0,0],"5":[0,0]},"_coverageSchema":"1a1c01bbd47fc00a2c39e90264f33305004495a9","hash":"ce40e6a880d10c410593e8bb95bd94779f22b5df"}
,"C:\\Users\\ali13\\Desktop\\Fall 25'\\Web Programming\\Assignment_02\\my-app\\server\\middleware\\adminMiddleware.js": {"path":"C:\\Users\\ali13\\Desktop\\Fall 25'\\Web Programming\\Assignment_02\\my-app\\server\\middleware\\adminMiddleware.js","statementMap":{"0":{"start":{"line":2,"column":24},"end":{"line":12,"column":1}},"1":{"start":{"line":3,"column":2},"end":{"line":5,"column":3}},"2":{"start":{"line":4,"column":4},"end":{"line":4,"column":66}},"3":{"start":{"line":7,"column":2},"end":{"line":9,"column":3}},"4":{"start":{"line":8,"column":4},"end":{"line":8,"column":87}},"5":{"start":{"line":11,"column":2},"end":{"line":11,"column":9}},"6":{"start":{"line":14,"column":0},"end":{"line":14,"column":33}}},"fnMap":{"0":{"name":"(anonymous_0)","decl":{"start":{"line":2,"column":24},"end":{"line":2,"column":25}},"loc":{"start":{"line":2,"column":44},"end":{"line":12,"column":1}},"line":2}},"branchMap":{"0":{"loc":{"start":{"line":3,"column":2},"end":{"line":5,"column":3}},"type":"if","locations":[{"start":{"line":3,"column":2},"end":{"line":5,"column":3}},{"start":{},"end":{}}],"line":3},"1":{"loc":{"start":{"line":7,"column":2},"end":{"line":9,"column":3}},"type":"if","locations":[{"start":{"line":7,"column":2},"end":{"line":9,"column":3}},{"start":{},"end":{}}],"line":7}},"s":{"0":1,"1":0,"2":0,"3":0,"4":0,"5":0,"6":1},"f":{"0":0},"b":{"0":[0,0],"1":[0,0]},"_coverageSchema":"1a1c01bbd47fc00a2c39e90264f33305004495a9","hash":"48fe78d061159095c013ba5f35acf679956601a2"}
,"C:\\Users\\ali13\\Desktop\\Fall 25'\\Web Programming\\Assignment_02\\my-app\\server\\middlewares\\authMiddleware.js": {"path":"C:\\Users\\ali13\\Desktop\\Fall 25'\\Web Programming\\Assignment_02\\my-app\\server\\middlewares\\authMiddleware.js","statementMap":{"0":{"start":{"line":1,"column":12},"end":{"line":1,"column":35}},"1":{"start":{"line":3,"column":23},"end":{"line":23,"column":1}},"2":{"start":{"line":4,"column":2},"end":{"line":22,"column":3}},"3":{"start":{"line":5,"column":18},"end":{"line":5,"column":58}},"4":{"start":{"line":7,"column":4},"end":{"line":9,"column":5}},"5":{"start":{"line":8,"column":6},"end":{"line":8,"column":68}},"6":{"start":{"line":11,"column":20},"end":{"line":11,"column":68}},"7":{"start":{"line":12,"column":4},"end":{"line":12,"column":23}},"8":{"start":{"line":13,"column":4},"end":{"line":13,"column":11}},"9":{"start":{"line":15,"column":4},"end":{"line":17,"column":5}},"10":{"start":{"line":16,"column":6},"end":{"line":16,"column":64}},"11":{"start":{"line":18,"column":4},"end":{"line":20,"column":5}},"12":{"start":{"line":19,"column":6},"end":{"line":19,"column":64}},"13":{"start":{"line":21,"column":4},"end":{"line":21,"column":59}},"14":{"start":{"line":25,"column":0},"end":{"line":25,"column":32}}},"fnMap":{"0":{"name":"(anonymous_0)","decl":{"start":{"line":3,"column":23},"end":{"line":3,"column":24}},"loc":{"start":{"line":3,"column":43},"end":{"line":23,"column":1}},"line":3}},"branchMap":{"0":{"loc":{"start":{"line":7,"column":4},"end":{"line":9,"column":5}},"type":"if","locations":[{"start":{"line":7,"column":4},"end":{"line":9,"column":5}},{"start":{},"end":{}}],"line":7},"1":{"loc":{"start":{"line":15,"column":4},"end":{"line":17,"column":5}},"type":"if","locations":[{"start":{"line":15,"column":4},"end":{"line":17,"column":5}},{"start":{},"end":{}}],"line":15},"2":{"loc":{"start":{"line":18,"column":4},"end":{"line":20,"column":5}},"type":"if","locations":[{"start":{"line":18,"column":4},"end":{"line":20,"column":5}},{"start":{},"end":{}}],"line":18}},"s":{"0":1,"1":1,"2":0,"3":0,"4":0,"5":0,"6":0,"7":0,"8":0,"9":0,"10":0,"11":0,"12":0,"13":0,"14":1},"f":{"0":0},"b":{"0":[0,0],"1":[0,0],"2":[0,0]},"_coverageSchema":"1a1c01bbd47fc00a2c39e90264f33305004495a9","hash":"d6939484ba2060074bb35f3ab160897651e12377"}
,"C:\\Users\\ali13\\Desktop\\Fall 25'\\Web Programming\\Assignment_02\\my-app\\server\\middlewares\\validateRequest.js": {"path":"C:\\Users\\ali13\\Desktop\\Fall 25'\\Web Programming\\Assignment_02\\my-app\\server\\middlewares\\validateRequest.js","statementMap":{"0":{"start":{"line":1,"column":12},"end":{"line":1,"column":26}},"1":{"start":{"line":3,"column":24},"end":{"line":21,"column":1}},"2":{"start":{"line":4,"column":2},"end":{"line":20,"column":4}},"3":{"start":{"line":5,"column":29},"end":{"line":8,"column":6}},"4":{"start":{"line":10,"column":4},"end":{"line":16,"column":5}},"5":{"start":{"line":11,"column":23},"end":{"line":11,"column":68}},"6":{"start":{"line":11,"column":53},"end":{"line":11,"column":67}},"7":{"start":{"line":12,"column":6},"end":{"line":15,"column":9}},"8":{"start":{"line":18,"column":4},"end":{"line":18,"column":30}},"9":{"start":{"line":19,"column":4},"end":{"line":19,"column":11}},"10":{"start":{"line":23,"column":0},"end":{"line":23,"column":33}}},"fnMap":{"0":{"name":"(anonymous_0)","decl":{"start":{"line":3,"column":24},"end":{"line":3,"column":25}},"loc":{"start":{"line":3,"column":36},"end":{"line":21,"column":1}},"line":3},"1":{"name":"(anonymous_1)","decl":{"start":{"line":4,"column":9},"end":{"line":4,"column":10}},"loc":{"start":{"line":4,"column":29},"end":{"line":20,"column":3}},"line":4},"2":{"name":"(anonymous_2)","decl":{"start":{"line":11,"column":41},"end":{"line":11,"column":42}},"loc":{"start":{"line":11,"column":53},"end":{"line":11,"column":67}},"line":11}},"branchMap":{"0":{"loc":{"start":{"line":10,"column":4},"end":{"line":16,"column":5}},"type":"if","locations":[{"start":{"line":10,"column":4},"end":{"line":16,"column":5}},{"start":{},"end":{}}],"line":10}},"s":{"0":1,"1":1,"2":4,"3":7,"4":7,"5":0,"6":0,"7":0,"8":7,"9":7,"10":1},"f":{"0":4,"1":7,"2":0},"b":{"0":[0,7]},"_coverageSchema":"1a1c01bbd47fc00a2c39e90264f33305004495a9","hash":"5794f9e3936850c127985662ff5c68ca0ccd6ab7"}
,"C:\\Users\\ali13\\Desktop\\Fall 25'\\Web Programming\\Assignment_02\\my-app\\server\\models\\Game.js": {"path":"C:\\Users\\ali13\\Desktop\\Fall 25'\\Web Programming\\Assignment_02\\my-app\\server\\models\\Game.js","statementMap":{"0":{"start":{"line":1,"column":17},"end":{"line":1,"column":36}},"1":{"start":{"line":3,"column":19},"end":{"line":58,"column":1}},"2":{"start":{"line":61,"column":0},"end":{"line":61,"column":57}},"3":{"start":{"line":63,"column":0},"end":{"line":63,"column":52}}},"fnMap":{},"branchMap":{},"s":{"0":1,"1":1,"2":1,"3":1},"f":{},"b":{},"_coverageSchema":"1a1c01bbd47fc00a2c39e90264f33305004495a9","hash":"4e8d0689130fdfd3dbc089f842f075be2022781b"}
,"C:\\Users\\ali13\\Desktop\\Fall 25'\\Web Programming\\Assignment_02\\my-app\\server\\models\\User.js": {"path":"C:\\Users\\ali13\\Desktop\\Fall 25'\\Web Programming\\Assignment_02\\my-app\\server\\models\\User.js","statementMap":{"0":{"start":{"line":1,"column":17},"end":{"line":1,"column":36}},"1":{"start":{"line":2,"column":15},"end":{"line":2,"column":34}},"2":{"start":{"line":4,"column":19},"end":{"line":59,"column":1}},"3":{"start":{"line":62,"column":0},"end":{"line":74,"column":3}},"4":{"start":{"line":63,"column":2},"end":{"line":65,"column":3}},"5":{"start":{"line":64,"column":4},"end":{"line":64,"column":18}},"6":{"start":{"line":67,"column":2},"end":{"line":73,"column":3}},"7":{"start":{"line":68,"column":17},"end":{"line":68,"column":41}},"8":{"start":{"line":69,"column":4},"end":{"line":69,"column":59}},"9":{"start":{"line":70,"column":4},"end":{"line":70,"column":11}},"10":{"start":{"line":72,"column":4},"end":{"line":72,"column":16}},"11":{"start":{"line":77,"column":0},"end":{"line":79,"column":2}},"12":{"start":{"line":78,"column":2},"end":{"line":78,"column":62}},"13":{"start":{"line":81,"column":0},"end":{"line":81,"column":52}}},"fnMap":{"0":{"name":"(anonymous_0)","decl":{"start":{"line":62,"column":23},"end":{"line":62,"column":24}},"loc":{"start":{"line":62,"column":45},"end":{"line":74,"column":1}},"line":62},"1":{"name":"(anonymous_1)","decl":{"start":{"line":77,"column":35},"end":{"line":77,"column":36}},"loc":{"start":{"line":77,"column":68},"end":{"line":79,"column":1}},"line":77}},"branchMap":{"0":{"loc":{"start":{"line":63,"column":2},"end":{"line":65,"column":3}},"type":"if","locations":[{"start":{"line":63,"column":2},"end":{"line":65,"column":3}},{"start":{},"end":{}}],"line":63}},"s":{"0":1,"1":1,"2":1,"3":1,"4":6,"5":0,"6":6,"7":6,"8":6,"9":6,"10":0,"11":1,"12":2,"13":1},"f":{"0":6,"1":2},"b":{"0":[0,6]},"_coverageSchema":"1a1c01bbd47fc00a2c39e90264f33305004495a9","hash":"5990dcbc7985e818dff77d144a53c77531cd4802"}
,"C:\\Users\\ali13\\Desktop\\Fall 25'\\Web Programming\\Assignment_02\\my-app\\server\\routes\\adminRoutes.js": {"path":"C:\\Users\\ali13\\Desktop\\Fall 25'\\Web Programming\\Assignment_02\\my-app\\server\\routes\\adminRoutes.js","statementMap":{"0":{"start":{"line":1,"column":16},"end":{"line":1,"column":34}},"1":{"start":{"line":2,"column":24},"end":{"line":2,"column":65}},"2":{"start":{"line":3,"column":23},"end":{"line":3,"column":63}},"3":{"start":{"line":4,"column":24},"end":{"line":4,"column":64}},"4":{"start":{"line":6,"column":15},"end":{"line":6,"column":31}},"5":{"start":{"line":9,"column":0},"end":{"line":9,"column":27}},"6":{"start":{"line":10,"column":0},"end":{"line":10,"column":28}},"7":{"start":{"line":13,"column":0},"end":{"line":13,"column":50}},"8":{"start":{"line":14,"column":0},"end":{"line":14,"column":57}},"9":{"start":{"line":15,"column":0},"end":{"line":15,"column":67}},"10":{"start":{"line":16,"column":0},"end":{"line":16,"column":64}},"11":{"start":{"line":17,"column":0},"end":{"line":17,"column":56}},"12":{"start":{"line":20,"column":0},"end":{"line":20,"column":57}},"13":{"start":{"line":22,"column":0},"end":{"line":22,"column":24}}},"fnMap":{},"branchMap":{},"s":{"0":1,"1":1,"2":1,"3":1,"4":1,"5":1,"6":1,"7":1,"8":1,"9":1,"10":1,"11":1,"12":1,"13":1},"f":{},"b":{},"_coverageSchema":"1a1c01bbd47fc00a2c39e90264f33305004495a9","hash":"3148d7126bb25b6301ec6616bbc72a040fb11599"}
,"C:\\Users\\ali13\\Desktop\\Fall 25'\\Web Programming\\Assignment_02\\my-app\\server\\routes\\authRoutes.js": {"path":"C:\\Users\\ali13\\Desktop\\Fall 25'\\Web Programming\\Assignment_02\\my-app\\server\\routes\\authRoutes.js","statementMap":{"0":{"start":{"line":1,"column":16},"end":{"line":1,"column":34}},"1":{"start":{"line":2,"column":15},"end":{"line":2,"column":31}},"2":{"start":{"line":3,"column":23},"end":{"line":3,"column":63}},"3":{"start":{"line":4,"column":24},"end":{"line":4,"column":65}},"4":{"start":{"line":5,"column":23},"end":{"line":5,"column":63}},"5":{"start":{"line":6,"column":40},"end":{"line":6,"column":77}},"6":{"start":{"line":9,"column":0},"end":{"line":9,"column":83}},"7":{"start":{"line":10,"column":0},"end":{"line":10,"column":74}},"8":{"start":{"line":11,"column":0},"end":{"line":11,"column":53}},"9":{"start":{"line":12,"column":0},"end":{"line":12,"column":63}},"10":{"start":{"line":13,"column":0},"end":{"line":13,"column":61}},"11":{"start":{"line":16,"column":0},"end":{"line":16,"column":65}},"12":{"start":{"line":18,"column":0},"end":{"line":18,"column":24}}},"fnMap":{},"branchMap":{},"s":{"0":1,"1":1,"2":1,"3":1,"4":1,"5":1,"6":1,"7":1,"8":1,"9":1,"10":1,"11":1,"12":1},"f":{},"b":{},"_coverageSchema":"1a1c01bbd47fc00a2c39e90264f33305004495a9","hash":"cbc78a4c060be58ff2c5cfc0c8ae5462092cd1f3"}
,"C:\\Users\\ali13\\Desktop\\Fall 25'\\Web Programming\\Assignment_02\\my-app\\server\\routes\\gameRoutes.js": {"path":"C:\\Users\\ali13\\Desktop\\Fall 25'\\Web Programming\\Assignment_02\\my-app\\server\\routes\\gameRoutes.js","statementMap":{"0":{"start":{"line":1,"column":16},"end":{"line":1,"column":34}},"1":{"start":{"line":2,"column":15},"end":{"line":2,"column":31}},"2":{"start":{"line":3,"column":23},"end":{"line":3,"column":63}},"3":{"start":{"line":4,"column":23},"end":{"line":4,"column":63}},"4":{"start":{"line":5,"column":24},"end":{"line":5,"column":65}},"5":{"start":{"line":6,"column":15},"end":{"line":6,"column":47}},"6":{"start":{"line":7,"column":47},"end":{"line":7,"column":84}},"7":{"start":{"line":10,"column":0},"end":{"line":10,"column":44}},"8":{"start":{"line":11,"column":0},"end":{"line":11,"column":47}},"9":{"start":{"line":14,"column":0},"end":{"line":14,"column":119}},"10":{"start":{"line":15,"column":0},"end":{"line":15,"column":123}},"11":{"start":{"line":16,"column":0},"end":{"line":16,"column":65}},"12":{"start":{"line":19,"column":0},"end":{"line":19,"column":74}},"13":{"start":{"line":21,"column":0},"end":{"line":21,"column":24}}},"fnMap":{},"branchMap":{},"s":{"0":1,"1":1,"2":1,"3":1,"4":1,"5":1,"6":1,"7":1,"8":1,"9":1,"10":1,"11":1,"12":1,"13":1},"f":{},"b":{},"_coverageSchema":"1a1c01bbd47fc00a2c39e90264f33305004495a9","hash":"b9a12cbf647718ae83ac712405c8e46441b45c70"}
,"C:\\Users\\ali13\\Desktop\\Fall 25'\\Web Programming\\Assignment_02\\my-app\\server\\routes\\uploadRoutes.js": {"path":"C:\\Users\\ali13\\Desktop\\Fall 25'\\Web Programming\\Assignment_02\\my-app\\server\\routes\\uploadRoutes.js","statementMap":{"0":{"start":{"line":1,"column":16},"end":{"line":1,"column":34}},"1":{"start":{"line":2,"column":15},"end":{"line":2,"column":31}},"2":{"start":{"line":3,"column":25},"end":{"line":3,"column":67}},"3":{"start":{"line":4,"column":23},"end":{"line":4,"column":63}},"4":{"start":{"line":5,"column":15},"end":{"line":5,"column":47}},"5":{"start":{"line":8,"column":0},"end":{"line":8,"column":87}},"6":{"start":{"line":10,"column":0},"end":{"line":10,"column":24}}},"fnMap":{},"branchMap":{},"s":{"0":1,"1":1,"2":1,"3":1,"4":1,"5":1,"6":1},"f":{},"b":{},"_coverageSchema":"1a1c01bbd47fc00a2c39e90264f33305004495a9","hash":"e88660eb16cbc162e926142f58b67131307b4b7e"}
,"C:\\Users\\ali13\\Desktop\\Fall 25'\\Web Programming\\Assignment_02\\my-app\\server\\routes\\userRoutes.js": {"path":"C:\\Users\\ali13\\Desktop\\Fall 25'\\Web Programming\\Assignment_02\\my-app\\server\\routes\\userRoutes.js","statementMap":{"0":{"start":{"line":1,"column":16},"end":{"line":1,"column":34}},"1":{"start":{"line":2,"column":15},"end":{"line":2,"column":31}},"2":{"start":{"line":3,"column":23},"end":{"line":3,"column":63}},"3":{"start":{"line":4,"column":23},"end":{"line":4,"column":63}},"4":{"start":{"line":7,"column":0},"end":{"line":7,"column":50}},"5":{"start":{"line":10,"column":0},"end":{"line":10,"column":75}},"6":{"start":{"line":11,"column":0},"end":{"line":11,"column":84}},"7":{"start":{"line":12,"column":0},"end":{"line":12,"column":74}},"8":{"start":{"line":14,"column":0},"end":{"line":14,"column":24}}},"fnMap":{},"branchMap":{},"s":{"0":1,"1":1,"2":1,"3":1,"4":1,"5":1,"6":1,"7":1,"8":1},"f":{},"b":{},"_coverageSchema":"1a1c01bbd47fc00a2c39e90264f33305004495a9","hash":"bec08093cd4e39d067e585c9487be34ad1c677b5"}
,"C:\\Users\\ali13\\Desktop\\Fall 25'\\Web Programming\\Assignment_02\\my-app\\server\\services\\emailService.js": {"path":"C:\\Users\\ali13\\Desktop\\Fall 25'\\Web Programming\\Assignment_02\\my-app\\server\\services\\emailService.js","statementMap":{"0":{"start":{"line":1,"column":19},"end":{"line":1,"column":40}},"1":{"start":{"line":4,"column":23},"end":{"line":36,"column":1}},"2":{"start":{"line":5,"column":2},"end":{"line":27,"column":3}},"3":{"start":{"line":7,"column":4},"end":{"line":26,"column":5}},"4":{"start":{"line":8,"column":26},"end":{"line":8,"column":62}},"5":{"start":{"line":9,"column":6},"end":{"line":17,"column":9}},"6":{"start":{"line":19,"column":6},"end":{"line":19,"column":52}},"7":{"start":{"line":21,"column":6},"end":{"line":25,"column":9}},"8":{"start":{"line":29,"column":2},"end":{"line":35,"column":5}},"9":{"start":{"line":39,"column":0},"end":{"line":73,"column":2}},"10":{"start":{"line":40,"column":2},"end":{"line":72,"column":3}},"11":{"start":{"line":41,"column":29},"end":{"line":41,"column":51}},"12":{"start":{"line":43,"column":24},"end":{"line":62,"column":5}},"13":{"start":{"line":64,"column":17},"end":{"line":64,"column":61}},"14":{"start":{"line":65,"column":4},"end":{"line":65,"column":55}},"15":{"start":{"line":66,"column":4},"end":{"line":66,"column":16}},"16":{"start":{"line":68,"column":4},"end":{"line":70,"column":5}},"17":{"start":{"line":69,"column":6},"end":{"line":69,"column":59}},"18":{"start":{"line":76,"column":0},"end":{"line":103,"column":2}},"19":{"start":{"line":77,"column":2},"end":{"line":102,"column":3}},"20":{"start":{"line":78,"column":29},"end":{"line":78,"column":51}},"21":{"start":{"line":80,"column":24},"end":{"line":93,"column":5}},"22":{"start":{"line":95,"column":17},"end":{"line":95,"column":61}},"23":{"start":{"line":96,"column":4},"end":{"line":96,"column":64}},"24":{"start":{"line":97,"column":4},"end":{"line":97,"column":16}},"25":{"start":{"line":99,"column":4},"end":{"line":101,"column":5}},"26":{"start":{"line":100,"column":6},"end":{"line":100,"column":68}},"27":{"start":{"line":106,"column":0},"end":{"line":135,"column":2}},"28":{"start":{"line":107,"column":2},"end":{"line":134,"column":3}},"29":{"start":{"line":108,"column":29},"end":{"line":108,"column":51}},"30":{"start":{"line":109,"column":22},"end":{"line":109,"column":84}},"31":{"start":{"line":111,"column":24},"end":{"line":125,"column":5}},"32":{"start":{"line":127,"column":17},"end":{"line":127,"column":61}},"33":{"start":{"line":128,"column":4},"end":{"line":128,"column":62}},"34":{"start":{"line":129,"column":4},"end":{"line":129,"column":16}},"35":{"start":{"line":131,"column":4},"end":{"line":133,"column":5}},"36":{"start":{"line":132,"column":6},"end":{"line":132,"column":66}},"37":{"start":{"line":138,"column":0},"end":{"line":164,"column":2}},"38":{"start":{"line":139,"column":2},"end":{"line":163,"column":3}},"39":{"start":{"line":140,"column":29},"end":{"line":140,"column":51}},"40":{"start":{"line":142,"column":24},"end":{"line":154,"column":5}},"41":{"start":{"line":156,"column":17},"end":{"line":156,"column":61}},"42":{"start":{"line":157,"column":4},"end":{"line":157,"column":60}},"43":{"start":{"line":158,"column":4},"end":{"line":158,"column":16}},"44":{"start":{"line":160,"column":4},"end":{"line":162,"column":5}},"45":{"start":{"line":161,"column":6},"end":{"line":161,"column":64}},"46":{"start":{"line":166,"column":0},"end":{"line":171,"column":2}}},"fnMap":{"0":{"name":"(anonymous_0)","decl":{"start":{"line":4,"column":23},"end":{"line":4,"column":24}},"loc":{"start":{"line":4,"column":35},"end":{"line":36,"column":1}},"line":4},"1":{"name":"(anonymous_1)","decl":{"start":{"line":39,"column":27},"end":{"line":39,"column":28}},"loc":{"start":{"line":39,"column":50},"end":{"line":73,"column":1}},"line":39},"2":{"name":"(anonymous_2)","decl":{"start":{"line":76,"column":35},"end":{"line":76,"column":36}},"loc":{"start":{"line":76,"column":58},"end":{"line":103,"column":1}},"line":76},"3":{"name":"(anonymous_3)","decl":{"start":{"line":106,"column":33},"end":{"line":106,"column":34}},"loc":{"start":{"line":106,"column":68},"end":{"line":135,"column":1}},"line":106},"4":{"name":"(anonymous_4)","decl":{"start":{"line":138,"column":31},"end":{"line":138,"column":32}},"loc":{"start":{"line":138,"column":65},"end":{"line":164,"column":1}},"line":138}},"branchMap":{"0":{"loc":{"start":{"line":5,"column":2},"end":{"line":27,"column":3}},"type":"if","locations":[{"start":{"line":5,"column":2},"end":{"line":27,"column":3}},{"start":{},"end":{}}],"line":5},"1":{"loc":{"start":{"line":5,"column":6},"end":{"line":5,"column":106}},"type":"binary-expr","locations":[{"start":{"line":5,"column":6},"end":{"line":5,"column":44}},{"start":{"line":5,"column":48},"end":{"line":5,"column":79}},{"start":{"line":5,"column":83},"end":{"line":5,"column":106}}],"line":5},"2":{"loc":{"start":{"line":44,"column":12},"end":{"line":44,"column":61}},"type":"binary-expr","locations":[{"start":{"line":44,"column":12},"end":{"line":44,"column":34}},{"start":{"line":44,"column":38},"end":{"line":44,"column":61}}],"line":44},"3":{"loc":{"start":{"line":68,"column":4},"end":{"line":70,"column":5}},"type":"if","locations":[{"start":{"line":68,"column":4},"end":{"line":70,"column":5}},{"start":{},"end":{}}],"line":68},"4":{"loc":{"start":{"line":81,"column":12},"end":{"line":81,"column":61}},"type":"binary-expr","locations":[{"start":{"line":81,"column":12},"end":{"line":81,"column":34}},{"start":{"line":81,"column":38},"end":{"line":81,"column":61}}],"line":81},"5":{"loc":{"start":{"line":99,"column":4},"end":{"line":101,"column":5}},"type":"if","locations":[{"start":{"line":99,"column":4},"end":{"line":101,"column":5}},{"start":{},"end":{}}],"line":99},"6":{"loc":{"start":{"line":112,"column":12},"end":{"line":112,"column":61}},"type":"binary-expr","locations":[{"start":{"line":112,"column":12},"end":{"line":112,"column":34}},{"start":{"line":112,"column":38},"end":{"line":112,"column":61}}],"line":112},"7":{"loc":{"start":{"line":131,"column":4},"end":{"line":133,"column":5}},"type":"if","locations":[{"start":{"line":131,"column":4},"end":{"line":133,"column":5}},{"start":{},"end":{}}],"line":131},"8":{"loc":{"start":{"line":143,"column":12},"end":{"line":143,"column":61}},"type":"binary-expr","locations":[{"start":{"line":143,"column":12},"end":{"line":143,"column":34}},{"start":{"line":143,"column":38},"end":{"line":143,"column":61}}],"line":143},"9":{"loc":{"start":{"line":160,"column":4},"end":{"line":162,"column":5}},"type":"if","locations":[{"start":{"line":160,"column":4},"end":{"line":162,"column":5}},{"start":{},"end":{}}],"line":160}},"s":{"0":1,"1":1,"2":2,"3":2,"4":2,"5":2,"6":0,"7":0,"8":0,"9":1,"10":2,"11":2,"12":2,"13":2,"14":0,"15":0,"16":0,"17":0,"18":1,"19":0,"20":0,"21":0,"22":0,"23":0,"24":0,"25":0,"26":0,"27":1,"28":0,"29":0,"30":0,"31":0,"32":0,"33":0,"34":0,"35":0,"36":0,"37":1,"38":0,"39":0,"40":0,"41":0,"42":0,"43":0,"44":0,"45":0,"46":1},"f":{"0":2,"1":2,"2":0,"3":0,"4":0},"b":{"0":[2,0],"1":[2,2,0],"2":[2,2],"3":[0,0],"4":[0,0],"5":[0,0],"6":[0,0],"7":[0,0],"8":[0,0],"9":[0,0]},"_coverageSchema":"1a1c01bbd47fc00a2c39e90264f33305004495a9","hash":"ab90277cb6a25e998548fc9f954e2db2cb52dbfb"}
,"C:\\Users\\ali13\\Desktop\\Fall 25'\\Web Programming\\Assignment_02\\my-app\\server\\utils\\multerConfig.js": {"path":"C:\\Users\\ali13\\Desktop\\Fall 25'\\Web Programming\\Assignment_02\\my-app\\server\\utils\\multerConfig.js","statementMap":{"0":{"start":{"line":1,"column":15},"end":{"line":1,"column":32}},"1":{"start":{"line":2,"column":13},"end":{"line":2,"column":28}},"2":{"start":{"line":3,"column":11},"end":{"line":3,"column":24}},"3":{"start":{"line":5,"column":18},"end":{"line":5,"column":62}},"4":{"start":{"line":8,"column":0},"end":{"line":10,"column":1}},"5":{"start":{"line":9,"column":2},"end":{"line":9,"column":47}},"6":{"start":{"line":12,"column":16},"end":{"line":20,"column":2}},"7":{"start":{"line":14,"column":4},"end":{"line":14,"column":24}},"8":{"start":{"line":17,"column":25},"end":{"line":17,"column":75}},"9":{"start":{"line":18,"column":4},"end":{"line":18,"column":61}},"10":{"start":{"line":22,"column":19},"end":{"line":29,"column":1}},"11":{"start":{"line":23,"column":23},"end":{"line":23,"column":77}},"12":{"start":{"line":24,"column":2},"end":{"line":28,"column":3}},"13":{"start":{"line":25,"column":4},"end":{"line":25,"column":19}},"14":{"start":{"line":27,"column":4},"end":{"line":27,"column":57}},"15":{"start":{"line":31,"column":15},"end":{"line":37,"column":2}},"16":{"start":{"line":39,"column":0},"end":{"line":39,"column":24}}},"fnMap":{"0":{"name":"(anonymous_0)","decl":{"start":{"line":13,"column":15},"end":{"line":13,"column":16}},"loc":{"start":{"line":13,"column":34},"end":{"line":15,"column":3}},"line":13},"1":{"name":"(anonymous_1)","decl":{"start":{"line":16,"column":12},"end":{"line":16,"column":13}},"loc":{"start":{"line":16,"column":31},"end":{"line":19,"column":3}},"line":16},"2":{"name":"(anonymous_2)","decl":{"start":{"line":22,"column":19},"end":{"line":22,"column":20}},"loc":{"start":{"line":22,"column":38},"end":{"line":29,"column":1}},"line":22}},"branchMap":{"0":{"loc":{"start":{"line":5,"column":18},"end":{"line":5,"column":62}},"type":"binary-expr","locations":[{"start":{"line":5,"column":18},"end":{"line":5,"column":40}},{"start":{"line":5,"column":44},"end":{"line":5,"column":62}}],"line":5},"1":{"loc":{"start":{"line":8,"column":0},"end":{"line":10,"column":1}},"type":"if","locations":[{"start":{"line":8,"column":0},"end":{"line":10,"column":1}},{"start":{},"end":{}}],"line":8},"2":{"loc":{"start":{"line":24,"column":2},"end":{"line":28,"column":3}},"type":"if","locations":[{"start":{"line":24,"column":2},"end":{"line":28,"column":3}},{"start":{"line":26,"column":9},"end":{"line":28,"column":3}}],"line":24},"3":{"loc":{"start":{"line":35,"column":14},"end":{"line":35,"column":58}},"type":"binary-expr","locations":[{"start":{"line":35,"column":14},"end":{"line":35,"column":39}},{"start":{"line":35,"column":43},"end":{"line":35,"column":58}}],"line":35}},"s":{"0":1,"1":1,"2":1,"3":1,"4":1,"5":0,"6":1,"7":0,"8":0,"9":0,"10":1,"11":0,"12":0,"13":0,"14":0,"15":1,"16":1},"f":{"0":0,"1":0,"2":0},"b":{"0":[1,1],"1":[0,1],"2":[0,0],"3":[1,1]},"_coverageSchema":"1a1c01bbd47fc00a2c39e90264f33305004495a9","hash":"c55bb01af37a208c130d9dc9f6489a52d36dea81"}
,"C:\\Users\\ali13\\Desktop\\Fall 25'\\Web Programming\\Assignment_02\\my-app\\server\\utils\\validationSchemas.js": {"path":"C:\\Users\\ali13\\Desktop\\Fall 25'\\Web Programming\\Assignment_02\\my-app\\server\\utils\\validationSchemas.js","statementMap":{"0":{"start":{"line":1,"column":12},"end":{"line":1,"column":26}},"1":{"start":{"line":3,"column":0},"end":{"line":8,"column":3}},"2":{"start":{"line":10,"column":0},"end":{"line":13,"column":3}},"3":{"start":{"line":15,"column":0},"end":{"line":26,"column":3}},"4":{"start":{"line":28,"column":0},"end":{"line":36,"column":10}}},"fnMap":{},"branchMap":{},"s":{"0":1,"1":1,"2":1,"3":1,"4":1},"f":{},"b":{},"_coverageSchema":"1a1c01bbd47fc00a2c39e90264f33305004495a9","hash":"e35ee596b058e9345f3ff6cf34e74484b61a7717"}
}
