TN:
SF:app.js
FN:40,(anonymous_0)
FN:52,(anonymous_1)
FN:57,(anonymous_2)
FNF:3
FNH:0
FNDA:0,(anonymous_0)
FNDA:0,(anonymous_1)
FNDA:0,(anonymous_2)
DA:1,1
DA:2,1
DA:3,1
DA:4,1
DA:5,1
DA:6,1
DA:8,1
DA:11,1
DA:12,1
DA:13,1
DA:16,1
DA:24,1
DA:30,1
DA:33,1
DA:34,1
DA:37,1
DA:40,1
DA:41,0
DA:45,1
DA:46,1
DA:47,1
DA:48,1
DA:49,1
DA:52,1
DA:53,0
DA:57,1
DA:58,0
DA:60,0
DA:61,0
DA:63,0
DA:71,1
LF:31
LH:25
BRDA:18,0,0,1
BRDA:18,0,1,1
BRDA:25,1,0,1
BRDA:25,1,1,1
BRDA:26,2,0,1
BRDA:26,2,1,1
BRDA:60,3,0,0
BRDA:60,3,1,0
BRDA:61,4,0,0
BRDA:61,4,1,0
BRDA:67,5,0,0
BRDA:67,5,1,0
BRF:12
BRH:6
end_of_record
TN:
SF:controllers\adminController.js
FN:5,(anonymous_0)
FN:40,(anonymous_1)
FN:61,(anonymous_2)
FN:83,(anonymous_3)
FN:110,(anonymous_4)
FN:133,(anonymous_5)
FNF:6
FNH:0
FNDA:0,(anonymous_0)
FNDA:0,(anonymous_1)
FNDA:0,(anonymous_2)
FNDA:0,(anonymous_3)
FNDA:0,(anonymous_4)
FNDA:0,(anonymous_5)
DA:1,1
DA:2,1
DA:5,1
DA:6,0
DA:7,0
DA:8,0
DA:10,0
DA:11,0
DA:12,0
DA:18,0
DA:24,0
DA:25,0
DA:27,0
DA:35,0
DA:40,1
DA:41,0
DA:42,0
DA:44,0
DA:45,0
DA:49,0
DA:51,0
DA:56,0
DA:61,1
DA:62,0
DA:63,0
DA:69,0
DA:70,0
DA:73,0
DA:78,0
DA:83,1
DA:84,0
DA:86,0
DA:87,0
DA:90,0
DA:96,0
DA:97,0
DA:100,0
DA:105,0
DA:110,1
DA:111,0
DA:113,0
DA:114,0
DA:117,0
DA:119,0
DA:120,0
DA:124,0
DA:126,0
DA:128,0
DA:133,1
DA:134,0
DA:135,0
DA:136,0
DA:137,0
DA:138,0
DA:141,0
DA:147,0
DA:159,0
LF:57
LH:8
BRDA:7,0,0,0
BRDA:7,1,0,0
BRDA:11,2,0,0
BRDA:11,2,1,0
BRDA:44,3,0,0
BRDA:44,3,1,0
BRDA:69,4,0,0
BRDA:69,4,1,0
BRDA:86,5,0,0
BRDA:86,5,1,0
BRDA:96,6,0,0
BRDA:96,6,1,0
BRDA:113,7,0,0
BRDA:113,7,1,0
BRDA:119,8,0,0
BRDA:119,8,1,0
BRF:16
BRH:0
end_of_record
TN:
SF:controllers\authController.js
FN:6,(anonymous_0)
FN:19,(anonymous_1)
FN:37,(anonymous_2)
FN:58,(anonymous_3)
FN:93,(anonymous_4)
FN:114,(anonymous_5)
FN:124,(anonymous_6)
FN:152,(anonymous_7)
FNF:8
FNH:4
FNDA:3,(anonymous_0)
FNDA:4,(anonymous_1)
FNDA:0,(anonymous_2)
FNDA:3,(anonymous_3)
FNDA:2,(anonymous_4)
FNDA:0,(anonymous_5)
FNDA:0,(anonymous_6)
FNDA:0,(anonymous_7)
DA:1,1
DA:2,1
DA:3,1
DA:4,1
DA:6,1
DA:7,3
DA:11,0
DA:15,0
DA:19,1
DA:20,4
DA:21,4
DA:23,4
DA:24,1
DA:28,3
DA:29,3
DA:30,1
DA:34,2
DA:37,2
DA:39,2
DA:41,0
DA:53,2
DA:58,1
DA:59,3
DA:60,3
DA:63,3
DA:64,3
DA:65,1
DA:69,2
DA:70,2
DA:71,1
DA:74,1
DA:76,0
DA:88,1
DA:93,1
DA:94,2
DA:95,2
DA:97,2
DA:98,1
DA:101,1
DA:102,0
DA:104,0
DA:109,1
DA:114,1
DA:115,0
DA:116,0
DA:117,0
DA:119,0
DA:124,1
DA:125,0
DA:126,0
DA:128,0
DA:129,0
DA:130,0
DA:134,0
DA:135,0
DA:138,0
DA:139,0
DA:140,0
DA:143,0
DA:145,0
DA:147,0
DA:152,1
DA:153,0
DA:154,0
DA:156,0
DA:157,0
DA:160,0
DA:161,0
DA:165,0
DA:168,0
DA:173,0
DA:174,0
DA:178,0
DA:179,0
DA:180,0
DA:181,0
DA:183,0
DA:185,0
LF:78
LH:39
BRDA:8,0,0,3
BRDA:8,0,1,3
BRDA:12,1,0,0
BRDA:12,1,1,0
BRDA:23,2,0,1
BRDA:23,2,1,3
BRDA:29,3,0,1
BRDA:29,3,1,2
BRDA:64,4,0,1
BRDA:64,4,1,2
BRDA:70,5,0,1
BRDA:70,5,1,1
BRDA:97,6,0,1
BRDA:97,6,1,1
BRDA:129,7,0,0
BRDA:129,7,1,0
BRDA:156,8,0,0
BRDA:156,8,1,0
BRDA:160,9,0,0
BRDA:160,9,1,0
BRDA:173,10,0,0
BRDA:173,10,1,0
BRF:22
BRH:12
end_of_record
TN:
SF:controllers\gameController.js
FN:4,(anonymous_0)
FN:30,(anonymous_1)
FN:74,(anonymous_2)
FN:89,(anonymous_3)
FN:122,(anonymous_4)
FN:144,(anonymous_5)
FNF:6
FNH:0
FNDA:0,(anonymous_0)
FNDA:0,(anonymous_1)
FNDA:0,(anonymous_2)
FNDA:0,(anonymous_3)
FNDA:0,(anonymous_4)
FNDA:0,(anonymous_5)
DA:1,1
DA:4,1
DA:5,0
DA:6,0
DA:8,0
DA:20,0
DA:25,0
DA:30,1
DA:31,0
DA:32,0
DA:33,0
DA:35,0
DA:37,0
DA:38,0
DA:40,0
DA:41,0
DA:43,0
DA:44,0
DA:47,0
DA:53,0
DA:54,0
DA:57,0
DA:58,0
DA:59,0
DA:61,0
DA:69,0
DA:74,1
DA:75,0
DA:76,0
DA:78,0
DA:79,0
DA:82,0
DA:84,0
DA:89,1
DA:90,0
DA:91,0
DA:93,0
DA:94,0
DA:98,0
DA:99,0
DA:102,0
DA:103,0
DA:104,0
DA:107,0
DA:112,0
DA:117,0
DA:122,1
DA:123,0
DA:124,0
DA:126,0
DA:127,0
DA:131,0
DA:132,0
DA:135,0
DA:137,0
DA:139,0
DA:144,1
DA:145,0
DA:146,0
DA:148,0
DA:153,0
LF:61
LH:7
BRDA:16,0,0,0
BRDA:16,0,1,0
BRDA:32,1,0,0
BRDA:32,2,0,0
BRDA:32,3,0,0
BRDA:37,4,0,0
BRDA:37,4,1,0
BRDA:40,5,0,0
BRDA:40,5,1,0
BRDA:43,6,0,0
BRDA:43,6,1,0
BRDA:53,7,0,0
BRDA:53,7,1,0
BRDA:78,8,0,0
BRDA:78,8,1,0
BRDA:93,9,0,0
BRDA:93,9,1,0
BRDA:98,10,0,0
BRDA:98,10,1,0
BRDA:103,11,0,0
BRDA:103,11,1,0
BRDA:126,12,0,0
BRDA:126,12,1,0
BRDA:131,13,0,0
BRDA:131,13,1,0
BRF:25
BRH:0
end_of_record
TN:
SF:controllers\uploadController.js
FN:5,(anonymous_0)
FNF:1
FNH:0
FNDA:0,(anonymous_0)
DA:1,1
DA:2,1
DA:5,1
DA:6,0
DA:7,0
DA:8,0
DA:11,0
DA:13,0
DA:19,0
LF:9
LH:3
BRDA:7,0,0,0
BRDA:7,0,1,0
BRF:2
BRH:0
end_of_record
TN:
SF:controllers\userController.js
FN:7,(anonymous_0)
FN:22,(anonymous_1)
FN:46,(anonymous_2)
FN:69,(anonymous_3)
FN:78,(anonymous_4)
FN:99,(anonymous_5)
FNF:6
FNH:0
FNDA:0,(anonymous_0)
FNDA:0,(anonymous_1)
FNDA:0,(anonymous_2)
FNDA:0,(anonymous_3)
FNDA:0,(anonymous_4)
FNDA:0,(anonymous_5)
DA:1,1
DA:2,1
DA:3,1
DA:4,1
DA:7,1
DA:8,0
DA:9,0
DA:11,0
DA:12,0
DA:15,0
DA:17,0
DA:22,1
DA:23,0
DA:24,0
DA:26,0
DA:27,0
DA:30,0
DA:36,0
DA:41,0
DA:46,1
DA:47,0
DA:48,0
DA:50,0
DA:51,0
DA:54,0
DA:55,0
DA:58,0
DA:60,0
DA:61,0
DA:62,0
DA:65,0
DA:66,0
DA:69,0
DA:71,0
DA:73,0
DA:78,1
DA:79,0
DA:80,0
DA:82,0
DA:83,0
DA:84,0
DA:88,0
DA:93,0
DA:99,0
DA:106,0
LF:45
LH:8
BRDA:11,0,0,0
BRDA:11,0,1,0
BRDA:26,1,0,0
BRDA:26,1,1,0
BRDA:50,2,0,0
BRDA:50,2,1,0
BRDA:54,3,0,0
BRDA:54,3,1,0
BRDA:61,4,0,0
BRDA:61,4,1,0
BRDA:98,5,0,0
BRDA:98,5,1,0
BRF:12
BRH:0
end_of_record
TN:
SF:middleware\adminMiddleware.js
FN:2,(anonymous_0)
FNF:1
FNH:0
FNDA:0,(anonymous_0)
DA:2,1
DA:3,0
DA:4,0
DA:7,0
DA:8,0
DA:11,0
DA:14,1
LF:7
LH:2
BRDA:3,0,0,0
BRDA:3,0,1,0
BRDA:7,1,0,0
BRDA:7,1,1,0
BRF:4
BRH:0
end_of_record
TN:
SF:middlewares\authMiddleware.js
FN:3,(anonymous_0)
FNF:1
FNH:0
FNDA:0,(anonymous_0)
DA:1,1
DA:3,1
DA:4,0
DA:5,0
DA:7,0
DA:8,0
DA:11,0
DA:12,0
DA:13,0
DA:15,0
DA:16,0
DA:18,0
DA:19,0
DA:21,0
DA:25,1
LF:15
LH:3
BRDA:7,0,0,0
BRDA:7,0,1,0
BRDA:15,1,0,0
BRDA:15,1,1,0
BRDA:18,2,0,0
BRDA:18,2,1,0
BRF:6
BRH:0
end_of_record
TN:
SF:middlewares\validateRequest.js
FN:3,(anonymous_0)
FN:4,(anonymous_1)
FN:11,(anonymous_2)
FNF:3
FNH:2
FNDA:4,(anonymous_0)
FNDA:7,(anonymous_1)
FNDA:0,(anonymous_2)
DA:1,1
DA:3,1
DA:4,4
DA:5,7
DA:10,7
DA:11,0
DA:12,0
DA:18,7
DA:19,7
DA:23,1
LF:10
LH:8
BRDA:10,0,0,0
BRDA:10,0,1,7
BRF:2
BRH:1
end_of_record
TN:
SF:models\Game.js
FNF:0
FNH:0
DA:1,1
DA:3,1
DA:61,1
DA:63,1
LF:4
LH:4
BRF:0
BRH:0
end_of_record
TN:
SF:models\User.js
FN:62,(anonymous_0)
FN:77,(anonymous_1)
FNF:2
FNH:2
FNDA:6,(anonymous_0)
FNDA:2,(anonymous_1)
DA:1,1
DA:2,1
DA:4,1
DA:62,1
DA:63,6
DA:64,0
DA:67,6
DA:68,6
DA:69,6
DA:70,6
DA:72,0
DA:77,1
DA:78,2
DA:81,1
LF:14
LH:12
BRDA:63,0,0,0
BRDA:63,0,1,6
BRF:2
BRH:1
end_of_record
TN:
SF:routes\adminRoutes.js
FNF:0
FNH:0
DA:1,1
DA:2,1
DA:3,1
DA:4,1
DA:6,1
DA:9,1
DA:10,1
DA:13,1
DA:14,1
DA:15,1
DA:16,1
DA:17,1
DA:20,1
DA:22,1
LF:14
LH:14
BRF:0
BRH:0
end_of_record
TN:
SF:routes\authRoutes.js
FNF:0
FNH:0
DA:1,1
DA:2,1
DA:3,1
DA:4,1
DA:5,1
DA:6,1
DA:9,1
DA:10,1
DA:11,1
DA:12,1
DA:13,1
DA:16,1
DA:18,1
LF:13
LH:13
BRF:0
BRH:0
end_of_record
TN:
SF:routes\gameRoutes.js
FNF:0
FNH:0
DA:1,1
DA:2,1
DA:3,1
DA:4,1
DA:5,1
DA:6,1
DA:7,1
DA:10,1
DA:11,1
DA:14,1
DA:15,1
DA:16,1
DA:19,1
DA:21,1
LF:14
LH:14
BRF:0
BRH:0
end_of_record
TN:
SF:routes\uploadRoutes.js
FNF:0
FNH:0
DA:1,1
DA:2,1
DA:3,1
DA:4,1
DA:5,1
DA:8,1
DA:10,1
LF:7
LH:7
BRF:0
BRH:0
end_of_record
TN:
SF:routes\userRoutes.js
FNF:0
FNH:0
DA:1,1
DA:2,1
DA:3,1
DA:4,1
DA:7,1
DA:10,1
DA:11,1
DA:12,1
DA:14,1
LF:9
LH:9
BRF:0
BRH:0
end_of_record
TN:
SF:services\emailService.js
FN:4,(anonymous_0)
FN:39,(anonymous_1)
FN:76,(anonymous_2)
FN:106,(anonymous_3)
FN:138,(anonymous_4)
FNF:5
FNH:2
FNDA:2,(anonymous_0)
FNDA:2,(anonymous_1)
FNDA:0,(anonymous_2)
FNDA:0,(anonymous_3)
FNDA:0,(anonymous_4)
DA:1,1
DA:4,1
DA:5,2
DA:7,2
DA:8,2
DA:9,2
DA:19,0
DA:21,0
DA:29,0
DA:39,1
DA:40,2
DA:41,2
DA:43,2
DA:64,2
DA:65,0
DA:66,0
DA:68,0
DA:69,0
DA:76,1
DA:77,0
DA:78,0
DA:80,0
DA:95,0
DA:96,0
DA:97,0
DA:99,0
DA:100,0
DA:106,1
DA:107,0
DA:108,0
DA:109,0
DA:111,0
DA:127,0
DA:128,0
DA:129,0
DA:131,0
DA:132,0
DA:138,1
DA:139,0
DA:140,0
DA:142,0
DA:156,0
DA:157,0
DA:158,0
DA:160,0
DA:161,0
DA:166,1
LF:47
LH:15
BRDA:5,0,0,2
BRDA:5,0,1,0
BRDA:5,1,0,2
BRDA:5,1,1,2
BRDA:5,1,2,0
BRDA:44,2,0,2
BRDA:44,2,1,2
BRDA:68,3,0,0
BRDA:68,3,1,0
BRDA:81,4,0,0
BRDA:81,4,1,0
BRDA:99,5,0,0
BRDA:99,5,1,0
BRDA:112,6,0,0
BRDA:112,6,1,0
BRDA:131,7,0,0
BRDA:131,7,1,0
BRDA:143,8,0,0
BRDA:143,8,1,0
BRDA:160,9,0,0
BRDA:160,9,1,0
BRF:21
BRH:5
end_of_record
TN:
SF:utils\multerConfig.js
FN:13,(anonymous_0)
FN:16,(anonymous_1)
FN:22,(anonymous_2)
FNF:3
FNH:0
FNDA:0,(anonymous_0)
FNDA:0,(anonymous_1)
FNDA:0,(anonymous_2)
DA:1,1
DA:2,1
DA:3,1
DA:5,1
DA:8,1
DA:9,0
DA:12,1
DA:14,0
DA:17,0
DA:18,0
DA:22,1
DA:23,0
DA:24,0
DA:25,0
DA:27,0
DA:31,1
DA:39,1
LF:17
LH:9
BRDA:5,0,0,1
BRDA:5,0,1,1
BRDA:8,1,0,0
BRDA:8,1,1,1
BRDA:24,2,0,0
BRDA:24,2,1,0
BRDA:35,3,0,1
BRDA:35,3,1,1
BRF:8
BRH:5
end_of_record
TN:
SF:utils\validationSchemas.js
FNF:0
FNH:0
DA:1,1
DA:3,1
DA:10,1
DA:15,1
DA:28,1
LF:5
LH:5
BRF:0
BRH:0
end_of_record
